2017-09-20 17:43:57,186 INFO  [Log] **************************************************************************************** 
2017-09-20 17:43:57,187 INFO  [Log] **************************************************************************************** 
2017-09-20 17:43:57,187 INFO  [Log] $$$$$$$$$$$$$$$$$$$$$                 Login_01       $$$$$$$$$$$$$$$$$$$$$$$$$ 
2017-09-20 17:43:57,188 INFO  [Log] **************************************************************************************** 
2017-09-20 17:43:57,188 INFO  [Log] **************************************************************************************** 
2017-09-20 17:43:57,190 INFO  [Log] Opening Browser 
2017-09-20 17:44:00,758 INFO  [Log] Chrome browser started 
2017-09-20 17:44:00,903 INFO  [Log] Navigating to URL 'http://automationpractice.com/index.php?controller=authentication&back=my-account' 
2017-09-20 17:44:04,132 INFO  [Log] Entering the text in txt_Username 
2017-09-20 17:44:04,545 INFO  [Log] Entering the text in txt_Password 
2017-09-20 17:44:04,736 INFO  [Log] Clicking on Webelement btn_Login 
2017-09-20 17:44:05,933 INFO  [Log] Wait for 5 seconds 
2017-09-20 17:44:08,312 INFO  [Log] XXXXXXXXXXXXXXXXXXXXXXX             -E---N---D-             XXXXXXXXXXXXXXXXXXXXXX 
2017-09-20 17:44:08,312 INFO  [Log] X 
2017-09-20 17:44:08,312 INFO  [Log] X 
2017-09-20 17:44:08,312 INFO  [Log] X 
2017-09-20 17:44:08,312 INFO  [Log] X 
2017-09-20 17:44:08,312 INFO  [Log] **************************************************************************************** 
2017-09-20 17:44:08,312 INFO  [Log] **************************************************************************************** 
2017-09-20 17:44:08,312 INFO  [Log] $$$$$$$$$$$$$$$$$$$$$                 Menu_Navigation       $$$$$$$$$$$$$$$$$$$$$$$$$ 
2017-09-20 17:44:08,312 INFO  [Log] **************************************************************************************** 
2017-09-20 17:44:08,312 INFO  [Log] **************************************************************************************** 
2017-09-20 17:44:08,313 INFO  [Log] Clicking on Webelement btn_Tshirts 
2017-09-20 17:44:09,481 INFO  [Log] Comparing the text 'T-shirts' with 'title_Tshirts' 
2017-09-20 17:44:19,556 ERROR [Log] Not able to compare the text --- no such element: Unable to locate element: {"method":"xpath","selector":"title_Tshirts"}
  (Session info: chrome=60.0.3112.113)
  (Driver info: chromedriver=2.31.488763 (092de99f48a300323ecf8c2a4e2e7cab51de5ba8),platform=Windows NT 10.0.15063 x86_64) (WARNING: The server did not provide any stacktrace information)
Command duration or timeout: 10.07 seconds
For documentation on this error, please visit: http://seleniumhq.org/exceptions/no_such_element.html
Build info: version: '2.53.0', revision: '35ae25b1534ae328c771e0856c93e187490ca824', time: '2016-03-15 10:43:46'
System info: host: 'LAPTOP-OUROT4H1', ip: '192.168.0.5', os.name: 'Windows 10', os.arch: 'amd64', os.version: '10.0', java.version: '1.8.0_144'
Driver info: org.openqa.selenium.chrome.ChromeDriver
Capabilities [{applicationCacheEnabled=false, rotatable=false, mobileEmulationEnabled=false, networkConnectionEnabled=false, chrome={chromedriverVersion=2.31.488763 (092de99f48a300323ecf8c2a4e2e7cab51de5ba8), userDataDir=C:\Users\ravik\AppData\Local\Temp\scoped_dir6012_11034}, takesHeapSnapshot=true, pageLoadStrategy=normal, databaseEnabled=false, handlesAlerts=true, hasTouchScreen=false, version=60.0.3112.113, platform=XP, browserConnectionEnabled=false, nativeEvents=true, acceptSslCerts=true, locationContextEnabled=true, webStorageEnabled=true, browserName=chrome, takesScreenshot=true, javascriptEnabled=true, cssSelectorsEnabled=true, setWindowRect=true, unexpectedAlertBehaviour=}]
Session ID: f8f2d34e96d0360e52c1de7f4f59cc96
*** Element info: {Using=xpath, value=title_Tshirts} 
2017-09-20 17:44:19,641 INFO  [Log] XXXXXXXXXXXXXXXXXXXXXXX             -E---N---D-             XXXXXXXXXXXXXXXXXXXXXX 
2017-09-20 17:44:19,641 INFO  [Log] X 
2017-09-20 17:44:19,641 INFO  [Log] X 
2017-09-20 17:44:19,641 INFO  [Log] X 
2017-09-20 17:44:19,641 INFO  [Log] X 
2017-09-20 17:44:19,680 ERROR [Log] Class Utils | Method getCellData | Exception desc : null 
2017-09-20 17:44:19,680 INFO  [Log] **************************************************************************************** 
2017-09-20 17:44:19,680 INFO  [Log] **************************************************************************************** 
2017-09-20 17:44:19,680 INFO  [Log] $$$$$$$$$$$$$$$$$$$$$                 Logout_01       $$$$$$$$$$$$$$$$$$$$$$$$$ 
2017-09-20 17:44:19,680 INFO  [Log] **************************************************************************************** 
2017-09-20 17:44:19,680 INFO  [Log] **************************************************************************************** 
2017-09-20 17:44:19,681 INFO  [Log] Clicking on Webelement btn_Logout 
2017-09-20 17:44:20,875 INFO  [Log] Closing the Browser 
2017-09-20 17:44:22,048 INFO  [Log] XXXXXXXXXXXXXXXXXXXXXXX             -E---N---D-             XXXXXXXXXXXXXXXXXXXXXX 
2017-09-20 17:44:22,048 INFO  [Log] X 
2017-09-20 17:44:22,048 INFO  [Log] X 
2017-09-20 17:44:22,048 INFO  [Log] X 
2017-09-20 17:44:22,048 INFO  [Log] X 
2017-09-20 17:44:22,050 INFO  [Log] Closing the Browser 
